<?xml version="1.0" encoding="UTF-8"?>
<!-- Generated by org.testng.reporters.JUnitReportReporter -->
<testsuite hostname="Rishis-MacBook-Pro.local" failures="0" tests="4" name="ui.DataProviderDemoTest" time="45.882" errors="0" timestamp="2022-05-24T22:39:26 PDT" skipped="0">
  <testcase classname="ui.DataProviderDemoTest" name="test" time="14.233"/>
  <system-out/>
  <testcase classname="ui.DataProviderDemoTest" name="test" time="9.600"/>
  <system-out/>
  <testcase classname="ui.DataProviderDemoTest" name="test" time="12.669"/>
  <system-out/>
  <testcase classname="ui.DataProviderDemoTest" name="test" time="9.380"/>
  <system-out/>
</testsuite> <!-- ui.DataProviderDemoTest -->
